<?xml version="1.0" encoding="UTF-8"?>
<!-- Generated by org.testng.reporters.JUnitXMLReporter -->
<testsuite hostname="LT075537" name="RA" tests="2" failures="0" timestamp="22 Jan 2020 23:25:53 GMT" time="38.152" errors="0">
  <testcase name="createApp on [TC_01_CreateAppHotelBooking passed=0 failed=0 skipped=0]" time="11.907" classname="com.npw.testscripts.ra.TC_01_CreateAppHotelBooking"/>
  <testcase name="createApp on [TC_02_deleteAppHotelBooking passed=0 failed=0 skipped=0]" time="11.855" classname="com.npw.testscripts.ra.TC_02_deleteAppHotelBooking"/>
</testsuite> <!-- RA -->
