<?xml version="1.0" encoding="UTF-8"?>
<testng-results skipped="0" failed="0" total="1" passed="1">
  <reporter-output>
  </reporter-output>
  <suite name="Default suite" duration-ms="302226" started-at="2020-01-30T22:13:27Z" finished-at="2020-01-30T22:18:29Z">
    <groups>
    </groups>
    <test name="Default test" duration-ms="302226" started-at="2020-01-30T22:13:27Z" finished-at="2020-01-30T22:18:29Z">
      <class name="com.npw.testscripts.ra.TC_05_VerifyNPWLinks">
        <test-method status="PASS" signature="launchBrowser(java.lang.String, java.lang.String, java.lang.String, java.lang.String)[pri:0, instance:[TC_05_VerifyNPWLinks passed=0 failed=0 skipped=0]]" name="launchBrowser" is-config="true" duration-ms="13262" started-at="2020-01-31T00:13:27Z" finished-at="2020-01-31T00:13:40Z">
          <params>
            <param index="0">
              <value>
                <![CDATA[ff]]>
              </value>
            </param>
            <param index="1">
              <value>
                <![CDATA[http://oldmutual.co.za]]>
              </value>
            </param>
            <param index="2">
              <value>
                <![CDATA[Admin]]>
              </value>
            </param>
            <param index="3">
              <value>
                <![CDATA[Password1$]]>
              </value>
            </param>
          </params>
          <reporter-output>
          </reporter-output>
        </test-method> <!-- launchBrowser -->
        <test-method status="PASS" signature="verifyLinks()[pri:0, instance:[TC_05_VerifyNPWLinks passed=0 failed=0 skipped=0]]" name="verifyLinks" duration-ms="287559" started-at="2020-01-31T00:13:40Z" finished-at="2020-01-31T00:18:28Z">
          <reporter-output>
          </reporter-output>
        </test-method> <!-- verifyLinks -->
        <test-method status="PASS" signature="closeBrowser()[pri:0, instance:[TC_05_VerifyNPWLinks passed=0 failed=0 skipped=0]]" name="closeBrowser" is-config="true" duration-ms="1388" started-at="2020-01-31T00:18:28Z" finished-at="2020-01-31T00:18:29Z">
          <reporter-output>
          </reporter-output>
        </test-method> <!-- closeBrowser -->
      </class> <!-- com.npw.testscripts.ra.TC_05_VerifyNPWLinks -->
    </test> <!-- Default test -->
  </suite> <!-- Default suite -->
</testng-results>
